{
  "uid" : "dfe52fbbd17ce801",
  "name" : "test_collaboration2[2-ITサービス]",
  "fullName" : "TestCases.test_4_collaborationPageCase.TestCollaborationPage_2#test_collaboration2",
  "historyId" : "d8892c4c32f098f5dadf502737fd2962",
  "time" : {
    "start" : 1603357195475,
    "stop" : 1603357197546,
    "duration" : 2071
  },
  "status" : "passed",
  "flaky" : false,
  "newFailed" : false,
  "beforeStages" : [ {
    "name" : "ini_pages",
    "time" : {
      "start" : 1603357167365,
      "stop" : 1603357167365,
      "duration" : 0
    },
    "status" : "passed",
    "steps" : [ ],
    "attachments" : [ ],
    "parameters" : [ ],
    "shouldDisplayMessage" : false,
    "attachmentsCount" : 0,
    "stepsCount" : 0,
    "hasContent" : false
  }, {
    "name" : "login",
    "time" : {
      "start" : 1603357167365,
      "stop" : 1603357168153,
      "duration" : 788
    },
    "status" : "passed",
    "steps" : [ ],
    "attachments" : [ ],
    "parameters" : [ ],
    "shouldDisplayMessage" : false,
    "attachmentsCount" : 0,
    "stepsCount" : 0,
    "hasContent" : false
  }, {
    "name" : "driver",
    "time" : {
      "start" : 1603356995634,
      "stop" : 1603357000856,
      "duration" : 5222
    },
    "status" : "passed",
    "steps" : [ ],
    "attachments" : [ ],
    "parameters" : [ ],
    "shouldDisplayMessage" : false,
    "attachmentsCount" : 0,
    "stepsCount" : 0,
    "hasContent" : false
  } ],
  "testStage" : {
    "status" : "passed",
    "steps" : [ ],
    "attachments" : [ {
      "uid" : "f7e74a3b6fa4c5fd",
      "name" : "stdout",
      "source" : "f7e74a3b6fa4c5fd.txt",
      "type" : "text/plain",
      "size" : 92
    } ],
    "parameters" : [ ],
    "shouldDisplayMessage" : false,
    "attachmentsCount" : 1,
    "stepsCount" : 0,
    "hasContent" : true
  },
  "afterStages" : [ {
    "name" : "ini_pages::0",
    "time" : {
      "start" : 1603357230820,
      "stop" : 1603357230820,
      "duration" : 0
    },
    "status" : "passed",
    "steps" : [ ],
    "attachments" : [ ],
    "parameters" : [ ],
    "shouldDisplayMessage" : false,
    "attachmentsCount" : 0,
    "stepsCount" : 0,
    "hasContent" : false
  }, {
    "name" : "login::0",
    "time" : {
      "start" : 1603357230797,
      "stop" : 1603357230818,
      "duration" : 21
    },
    "status" : "passed",
    "steps" : [ ],
    "attachments" : [ ],
    "parameters" : [ ],
    "shouldDisplayMessage" : false,
    "attachmentsCount" : 0,
    "stepsCount" : 0,
    "hasContent" : false
  }, {
    "name" : "driver::0",
    "time" : {
      "start" : 1603357230824,
      "stop" : 1603357232953,
      "duration" : 2129
    },
    "status" : "passed",
    "steps" : [ ],
    "attachments" : [ ],
    "parameters" : [ ],
    "shouldDisplayMessage" : false,
    "attachmentsCount" : 0,
    "stepsCount" : 0,
    "hasContent" : false
  } ],
  "labels" : [ {
    "name" : "tag",
    "value" : "Test"
  }, {
    "name" : "parentSuite",
    "value" : "TestCases"
  }, {
    "name" : "suite",
    "value" : "test_4_collaborationPageCase"
  }, {
    "name" : "subSuite",
    "value" : "TestCollaborationPage_2"
  }, {
    "name" : "host",
    "value" : "HPTSJ003"
  }, {
    "name" : "thread",
    "value" : "10960-MainThread"
  }, {
    "name" : "framework",
    "value" : "pytest"
  }, {
    "name" : "language",
    "value" : "cpython3"
  }, {
    "name" : "package",
    "value" : "TestCases.test_4_collaborationPageCase"
  }, {
    "name" : "resultFormat",
    "value" : "allure2"
  } ],
  "parameters" : [ {
    "name" : "expect",
    "value" : "'ITサービス'"
  }, {
    "name" : "value",
    "value" : "'2'"
  } ],
  "links" : [ ],
  "hidden" : false,
  "retry" : false,
  "extra" : {
    "severity" : "normal",
    "retries" : [ {
      "uid" : "625ef546b45e877",
      "status" : "passed",
      "time" : {
        "start" : 1602040878516,
        "stop" : 1602040880578,
        "duration" : 2062
      }
    }, {
      "uid" : "8babc67f78719776",
      "status" : "broken",
      "statusDetails" : "selenium.common.exceptions.NoSuchElementException: Message: no such element: Unable to locate element: {\"method\":\"xpath\",\"selector\":\"/html/body/div[4]/div/form/div[2]/div/select\"}\n  (Session info: chrome=85.0.4183.121)",
      "time" : {
        "start" : 1602040612114,
        "stop" : 1602040614122,
        "duration" : 2008
      }
    }, {
      "uid" : "fe480626475efde5",
      "status" : "failed",
      "statusDetails" : "AssertionError: 断言成功\nassert '卸売業' == 'ITサービス'\n  - ITサービス\n  + 卸売業",
      "time" : {
        "start" : 1602040332797,
        "stop" : 1602040334887,
        "duration" : 2090
      }
    }, {
      "uid" : "e7b3af8c2d017c7a",
      "status" : "failed",
      "statusDetails" : "AssertionError: 断言成功\nassert '卸売業' == 'ITサービス'\n  - ITサービス\n  + 卸売業",
      "time" : {
        "start" : 1602039873638,
        "stop" : 1602039875728,
        "duration" : 2090
      }
    } ],
    "categories" : [ ],
    "tags" : [ "Test" ]
  },
  "source" : "dfe52fbbd17ce801.json",
  "parameterValues" : [ "'ITサービス'", "'2'" ]
}